#
# There is insufficient memory for the Java Runtime Environment to continue.
# Native memory allocation (malloc) failed to allocate 1048576 bytes. Error detail: AllocateHeap
# Possible reasons:
#   The system is out of physical RAM or swap space
#   This process is running with CompressedOops enabled, and the Java Heap may be blocking the growth of the native heap
# Possible solutions:
#   Reduce memory load on the system
#   Increase physical memory or swap space
#   Check if swap backing store is full
#   Decrease Java heap size (-Xmx/-Xms)
#   Decrease number of Java threads
#   Decrease Java thread stack sizes (-Xss)
#   Set larger code cache with -XX:ReservedCodeCacheSize=
#   JVM is running with Zero Based Compressed Oops mode in which the Java heap is
#     placed in the first 32GB address space. The Java Heap base address is the
#     maximum limit for the native heap growth. Please use -XX:HeapBaseMinAddress
#     to set the Java Heap base and to place the Java Heap above 32GB virtual address.
# This output file may be truncated or incomplete.
#
#  Out of Memory Error (allocation.cpp:44), pid=40820, tid=9456
#
# JRE version:  (21.0.10) (build )
# Java VM: OpenJDK 64-Bit Server VM (21.0.10+-14961533-b1163.108, mixed mode, sharing, tiered, compressed oops, compressed class ptrs, g1 gc, windows-amd64)
# No core dump will be written. Minidumps are not enabled by default on client versions of Windows
#

---------------  S U M M A R Y ------------

Command Line: git4idea.http.GitAskPassApp Username for 'https://github.com': 

Host: AMD Ryzen 3 5300U with Radeon Graphics         , 8 cores, 15G,  Windows 11 , 64 bit Build 26100 (10.0.26100.7623)
Time: Thu Apr 23 18:00:54 2026 elapsed time: 0.015202 seconds (0d 0h 0m 0s)

---------------  T H R E A D  ---------------

Current thread (0x000002020e6d8dd0):  JavaThread "Unknown thread" [_thread_in_vm, id=9456, stack(0x00000066aeb00000,0x00000066aec00000) (1024K)]

Stack: [0x00000066aeb00000,0x00000066aec00000]
Native frames: (J=compiled Java code, j=interpreted, Vv=VM code, C=native code)
V  [jvm.dll+0x6d78a9]
V  [jvm.dll+0x8665b3]
V  [jvm.dll+0x868bde]
V  [jvm.dll+0x8692c3]
V  [jvm.dll+0x280ee6]
V  [jvm.dll+0xbaf47]
V  [jvm.dll+0x333cb5]
V  [jvm.dll+0x32c321]
V  [jvm.dll+0x82f449]
V  [jvm.dll+0x3c0078]
V  [jvm.dll+0x8185e8]
V  [jvm.dll+0x45449e]
V  [jvm.dll+0x455c01]
C  [jli.dll+0x52ab]
C  [ucrtbase.dll+0x37b0]
C  [KERNEL32.DLL+0x2e8d7]
C  [ntdll.dll+0x8c53c]


---------------  P R O C E S S  ---------------

Threads class SMR info:
_java_thread_list=0x00007ffdd28eb9c8, length=0, elements={
}

Java Threads: ( => current thread )
Total: 0

Other Threads:
  0x000002020e733dc0 WorkerThread "GC Thread#0"                     [id=20212, stack(0x00000066aec00000,0x00000066aed00000) (1024K)]

[error occurred during error reporting (printing all threads), id 0xc0000005, EXCEPTION_ACCESS_VIOLATION (0xc0000005) at pc=0x00007ffdd20d87e0]
VM state: not at safepoint (not fully initialized)

VM Mutex/Monitor currently owned by a thread:  ([mutex/lock_event])
[0x00007ffdd29587d0] Heap_lock - owner thread: 0x000002020e6d8dd0

Heap address: 0x000000070ae00000, size: 3922 MB, Compressed Oops mode: Zero based, Oop shift amount: 3

CDS archive(s) mapped at: [0x0000000000000000-0x0000000000000000-0x0000000000000000), size 0, SharedBaseAddress: 0x0000000800000000, ArchiveRelocationMode: 1.
Narrow klass base: 0x0000000000000000, Narrow klass shift: 0, Narrow klass range: 0x0

GC Precious Log:
 CardTable entry size: 512
 Card Set container configuration: InlinePtr #cards 4 size 8 Array Of Cards #cards 16 size 48 Howl #buckets 8 coarsen threshold 3686 Howl Bitmap #cards 512 size 80 coarsen threshold 460 Card regions per heap region 1 cards per card region 4096

Heap:
 garbage-first heap   total 0K, used 0K [0x000000070ae00000, 0x0000000800000000)
  region size 2048K, 0 young (0K), 0 survivors (0K)
 Metaspace       used 0K, committed 0K, reserved 0K
  class space    used 0K, committed 0K, reserved 0K

Heap Regions: E=young(eden), S=young(survivor), O=old, HS=humongous(starts), HC=humongous(continues), CS=collection set, F=free, TAMS=top-at-mark-start, PB=parsable bottom

Card table byte_map: [0x00000202212f0000,0x0000020221aa0000] _byte_map_base: 0x000002021da99000

GC Heap History (0 events):
No events

Dll operation events (1 events):
Event: 0.010 Loaded shared library C:\Users\macie\AppData\Local\Programs\Android Studio\jbr\bin\java.dll

Deoptimization events (0 events):
No events

Classes loaded (0 events):
No events

Classes unloaded (0 events):
No events

Classes redefined (0 events):
No events

Internal exceptions (0 events):
No events

ZGC Phase Switch (0 events):
No events

VM Operations (0 events):
No events

Memory protections (0 events):
No events

Nmethod flushes (0 events):
No events

Events (0 events):
No events


Dynamic libraries:
0x00007ff728710000 - 0x00007ff72871a000 	C:\Users\macie\AppData\Local\Programs\Android Studio\jbr\bin\java.exe
0x00007ffe5abe0000 - 0x00007ffe5ae47000 	C:\WINDOWS\SYSTEM32\ntdll.dll
0x00007ffe59be0000 - 0x00007ffe59ca9000 	C:\WINDOWS\System32\KERNEL32.DLL
0x00007ffe582b0000 - 0x00007ffe5869f000 	C:\WINDOWS\System32\KERNELBASE.dll
0x00007ffe58830000 - 0x00007ffe5897b000 	C:\WINDOWS\System32\ucrtbase.dll
0x00007ffe49b80000 - 0x00007ffe49b98000 	C:\Users\macie\AppData\Local\Programs\Android Studio\jbr\bin\jli.dll
0x00007ffe51230000 - 0x00007ffe5124b000 	C:\Users\macie\AppData\Local\Programs\Android Studio\jbr\bin\VCRUNTIME140.dll
0x00007ffe58bb0000 - 0x00007ffe58d75000 	C:\WINDOWS\System32\USER32.dll
0x00007ffe57d30000 - 0x00007ffe57d57000 	C:\WINDOWS\System32\win32u.dll
0x00007ffe589a0000 - 0x00007ffe589cb000 	C:\WINDOWS\System32\GDI32.dll
0x00007ffe57e10000 - 0x00007ffe57f3c000 	C:\WINDOWS\System32\gdi32full.dll
0x00007ffe36bf0000 - 0x00007ffe36e83000 	C:\WINDOWS\WinSxS\amd64_microsoft.windows.common-controls_6595b64144ccf1df_6.0.26100.7309_none_3e05feeae336a044\COMCTL32.dll
0x00007ffe59cb0000 - 0x00007ffe59d59000 	C:\WINDOWS\System32\msvcrt.dll
0x00007ffe57d60000 - 0x00007ffe57e03000 	C:\WINDOWS\System32\msvcp_win.dll
0x00007ffe58b70000 - 0x00007ffe58ba1000 	C:\WINDOWS\System32\IMM32.DLL
0x0000000064da0000 - 0x0000000064dac000 	C:\Program Files (x86)\360\Total Security\safemon\SafeWrapper.dll
0x00007ffe5a3d0000 - 0x00007ffe5a484000 	C:\WINDOWS\System32\ADVAPI32.dll
0x00007ffe594e0000 - 0x00007ffe59586000 	C:\WINDOWS\System32\sechost.dll
0x00007ffe5a850000 - 0x00007ffe5a968000 	C:\WINDOWS\System32\RPCRT4.dll
0x00007ffdd5220000 - 0x00007ffdd52cc000 	C:\Program Files (x86)\360\Total Security\safemon\libzdtp64.dll
0x00007ffe58d80000 - 0x00007ffe594d3000 	C:\WINDOWS\System32\SHELL32.dll
0x00007ffe58140000 - 0x00007ffe582aa000 	C:\WINDOWS\System32\wintypes.dll
0x00007ffe5a490000 - 0x00007ffe5a816000 	C:\WINDOWS\System32\combase.dll
0x00007ffe5a360000 - 0x00007ffe5a3c6000 	C:\WINDOWS\System32\SHLWAPI.dll
0x00007ffe57610000 - 0x00007ffe5761b000 	C:\WINDOWS\SYSTEM32\VERSION.dll
0x00007ffe53160000 - 0x00007ffe5316c000 	C:\Users\macie\AppData\Local\Programs\Android Studio\jbr\bin\vcruntime140_1.dll
0x00007ffe06280000 - 0x00007ffe0630d000 	C:\Users\macie\AppData\Local\Programs\Android Studio\jbr\bin\msvcp140.dll
0x00007ffdd1da0000 - 0x00007ffdd2a36000 	C:\Users\macie\AppData\Local\Programs\Android Studio\jbr\bin\server\jvm.dll
0x00007ffe5a970000 - 0x00007ffe5a9e4000 	C:\WINDOWS\System32\WS2_32.dll
0x00007ffe57b90000 - 0x00007ffe57bee000 	C:\WINDOWS\SYSTEM32\POWRPROF.dll
0x00007ffe51510000 - 0x00007ffe51545000 	C:\WINDOWS\SYSTEM32\WINMM.dll
0x00007ffe57b70000 - 0x00007ffe57b84000 	C:\WINDOWS\SYSTEM32\UMPDC.dll
0x00007ffe56a70000 - 0x00007ffe56a8b000 	C:\WINDOWS\SYSTEM32\kernel.appcore.dll
0x00007ffe530b0000 - 0x00007ffe530ba000 	C:\Users\macie\AppData\Local\Programs\Android Studio\jbr\bin\jimage.dll
0x00007ffe4c3b0000 - 0x00007ffe4c5f2000 	C:\WINDOWS\SYSTEM32\DBGHELP.DLL
0x00007ffe5a180000 - 0x00007ffe5a256000 	C:\WINDOWS\System32\OLEAUT32.dll
0x00007ffe4a540000 - 0x00007ffe4a57c000 	C:\WINDOWS\SYSTEM32\dbgcore.DLL
0x00007ffe58000000 - 0x00007ffe580a5000 	C:\WINDOWS\System32\bcryptPrimitives.dll
0x00007ffe4ddf0000 - 0x00007ffe4de10000 	C:\Users\macie\AppData\Local\Programs\Android Studio\jbr\bin\java.dll

JVMTI agents: none

dbghelp: loaded successfully - version: 4.0.5 - missing functions: none
symbol engine: initialized successfully - sym options: 0x614 - pdb path: .;C:\Users\macie\AppData\Local\Programs\Android Studio\jbr\bin;C:\WINDOWS\SYSTEM32;C:\WINDOWS\WinSxS\amd64_microsoft.windows.common-controls_6595b64144ccf1df_6.0.26100.7309_none_3e05feeae336a044;C:\Program Files (x86)\360\Total Security\safemon;C:\Users\macie\AppData\Local\Programs\Android Studio\jbr\bin\server

VM Arguments:
java_command: git4idea.http.GitAskPassApp Username for 'https://github.com': 
java_class_path (initial): C:/Users/macie/AppData/Local/Programs/Android Studio/plugins/vcs-git/lib/git4idea-rt.jar;C:/Users/macie/AppData/Local/Programs/Android Studio/lib/externalProcess-rt.jar
Launcher Type: SUN_STANDARD

[Global flags]
     intx CICompilerCount                          = 4                                         {product} {ergonomic}
     uint ConcGCThreads                            = 2                                         {product} {ergonomic}
     uint G1ConcRefinementThreads                  = 8                                         {product} {ergonomic}
   size_t G1HeapRegionSize                         = 2097152                                   {product} {ergonomic}
    uintx GCDrainStackTargetSize                   = 64                                        {product} {ergonomic}
   size_t InitialHeapSize                          = 257949696                                 {product} {ergonomic}
   size_t MarkStackSize                            = 4194304                                   {product} {ergonomic}
   size_t MaxHeapSize                              = 4112515072                                {product} {ergonomic}
   size_t MinHeapDeltaBytes                        = 2097152                                   {product} {ergonomic}
   size_t MinHeapSize                              = 8388608                                   {product} {ergonomic}
    uintx NonNMethodCodeHeapSize                   = 5839372                                {pd product} {ergonomic}
    uintx NonProfiledCodeHeapSize                  = 122909434                              {pd product} {ergonomic}
    uintx ProfiledCodeHeapSize                     = 122909434                              {pd product} {ergonomic}
    uintx ReservedCodeCacheSize                    = 251658240                              {pd product} {ergonomic}
     bool SegmentedCodeCache                       = true                                      {product} {ergonomic}
   size_t SoftMaxHeapSize                          = 4112515072                             {manageable} {ergonomic}
     bool UseCompressedOops                        = true                           {product lp64_product} {ergonomic}
     bool UseG1GC                                  = true                                      {product} {ergonomic}
     bool UseLargePagesIndividualAllocation        = false                                  {pd product} {ergonomic}

Logging:
Log output configuration:
 #0: stdout all=warning uptime,level,tags foldmultilines=false
 #1: stderr all=off uptime,level,tags foldmultilines=false

Release file:
<release file has not been read>
Environment Variables:
JAVA_HOME=C:\Program Files\Java\jdk-17
PATH=C:/Program Files/Git/mingw64/libexec/git-core;C:/Program Files/Git/mingw64/libexec/git-core;C:\Program Files\Git\mingw64\bin;C:\Program Files\Git\usr\bin;C:\Users\macie\bin;C:\Program Files\Microsoft\jdk-11.0.16.101-hotspot\bin;C:\WINDOWS\system32;C:\WINDOWS;C:\WINDOWS\System32\Wbem;C:\WINDOWS\System32\WindowsPowerShell\v1.0\;C:\WINDOWS\System32\OpenSSH\;C:\Program Files\Microsoft SQL Server\Client SDK\ODBC\170\Tools\Binn\;C:\Program Files (x86)\Microsoft SQL Server\150\Tools\Binn\;C:\Program Files\Microsoft SQL Server\150\Tools\Binn\;C:\Program Files\Microsoft SQL Server\150\DTS\Binn\;C:\Users\macie\AppData\Local\Programs\Python\Python311\Scripts;C:\Program Files\nodejs\;C:\Program Files\dotnet\;C:\Program Files\Git\cmd;C:\Program Files\GitHub CLI\;C:\Program Files\Java\jdk-17\bin;C:\Users\macie\AppData\Local\Microsoft\WindowsApps;C:\Program Files\Azure Data Studio\bin;C:\Users\macie\AppData\Local\Programs\Microsoft VS Code\bin;C:\Users\macie\AppData\Roaming\npm;C:\Users\macie\.dotnet\tools;C:\Users\macie\AppData\Local\JetBrains\Toolbox\scripts;C:\Users\macie\.dotnet\tools
USERNAME=macie
DISPLAY=:0.0
LC_ALL=en_US.UTF-8
TERM=xterm-256color
TMPDIR=C:\Users\macie\AppData\Local\Temp
OS=Windows_NT
PROCESSOR_IDENTIFIER=AMD64 Family 23 Model 104 Stepping 1, AuthenticAMD
TMP=C:\Users\macie\AppData\Local\Temp
TEMP=C:\Users\macie\AppData\Local\Temp




Periodic native trim disabled

JNI global refs:
JNI global refs: 0, weak refs: 0

JNI global refs memory usage: 0, weak refs: 0

Process memory usage:
Resident Set Size: 14400K (0% of 16056584K total physical memory with 1284728K free physical memory)

OOME stack traces (most recent first):
Classloader memory used:

---------------  S Y S T E M  ---------------

OS:
 Windows 11 , 64 bit Build 26100 (10.0.26100.7623)
OS uptime: 7 days 0:57 hours
Hyper-V role detected

CPU: total 8 (initial active 8) (8 cores per cpu, 2 threads per core) family 23 model 104 stepping 1 microcode 0x8608104, cx8, cmov, fxsr, ht, mmx, 3dnowpref, sse, sse2, sse3, ssse3, sse4a, sse4.1, sse4.2, popcnt, lzcnt, tsc, tscinvbit, avx, avx2, aes, clmul, bmi1, bmi2, adx, sha, fma, vzeroupper, clflush, clflushopt, hv, rdtscp, rdpid, f16c
Processor Information for the first 8 processors :
  Max Mhz: 2600, Current Mhz: 2600, Mhz Limit: 2600

Memory: 4k page, system-wide physical 15680M (1254M free)
TotalPageFile size 24320M (AvailPageFile size 5M)
current process WorkingSet (physical memory assigned to process): 14M, peak: 14M
current process commit charge ("private bytes"): 59M, peak: 60M

vm_info: OpenJDK 64-Bit Server VM (21.0.10+-14961533-b1163.108) for windows-amd64 JRE (21.0.10+-14961533-b1163.108), built on 2026-03-02T19:58:50Z by "builder" with MS VC++ 16.10 / 16.11 (VS2019)

END.
